FlexNet Licensing checkout error: Feature has expired.
Feature:       Virtuoso_Spectre
License path:  5280@ams91:5280@ams101:5280@ams98:1717@14.139.1.122:
FlexNet Licensing error:-10,147
For further information, refer to the FlexNet Licensing documentation,
available at "www.flexerasoftware.com".
license file(s):  5280@ams91 5280@ams101 5280@ams98 1717@14.139.1.122
Checkout succeeded: Virtuoso_Multi_mode_Simulation/1FA495E0E979B438FD31
	License file: 5280@ams91
	License Server: 5280@ams91
Checkout succeeded: Virtuoso_Multi_mode_Simulation/1FA495E0E979B438FD31
	License file: 5280@ams91
	License Server: 5280@ams91
FlexNet Licensing checkout error: Feature has expired.
Feature:       Virtuoso_Spectre
License path:  5280@ams91:5280@ams101:5280@ams98:1717@14.139.1.122:
FlexNet Licensing error:-10,147
For further information, refer to the FlexNet Licensing documentation,
available at "www.flexerasoftware.com".
license file(s):  5280@ams91 5280@ams101 5280@ams98 1717@14.139.1.122
Checkout succeeded: Virtuoso_Multi_mode_Simulation/1FA495E0E979B438FD31
	License file: 5280@ams91
	License Server: 5280@ams91
Checkout succeeded: Virtuoso_Multi_mode_Simulation/1FA495E0E979B438FD31
	License file: 5280@ams91
	License Server: 5280@ams91
FlexNet Licensing checkout error: Feature has expired.
Feature:       Virtuoso_Spectre
License path:  5280@ams91:5280@ams101:5280@ams98:1717@14.139.1.122:
FlexNet Licensing error:-10,147
For further information, refer to the FlexNet Licensing documentation,
available at "www.flexerasoftware.com".
license file(s):  5280@ams91 5280@ams101 5280@ams98 1717@14.139.1.122
Checkout succeeded: Virtuoso_Multi_mode_Simulation/1FA495E0E979B438FD31
	License file: 5280@ams91
	License Server: 5280@ams91
Checkout succeeded: Virtuoso_Multi_mode_Simulation/1FA495E0E979B438FD31
	License file: 5280@ams91
	License Server: 5280@ams91
FlexNet Licensing checkout error: Feature has expired.
Feature:       Virtuoso_Spectre
License path:  5280@ams91:5280@ams101:5280@ams98:1717@14.139.1.122:
FlexNet Licensing error:-10,147
For further information, refer to the FlexNet Licensing documentation,
available at "www.flexerasoftware.com".
license file(s):  5280@ams91 5280@ams101 5280@ams98 1717@14.139.1.122
Checkout succeeded: Virtuoso_Multi_mode_Simulation/1FA495E0E979B438FD31
	License file: 5280@ams91
	License Server: 5280@ams91
Checkout succeeded: Virtuoso_Multi_mode_Simulation/1FA495E0E979B438FD31
	License file: 5280@ams91
	License Server: 5280@ams91
FlexNet Licensing checkout error: Feature has expired.
Feature:       Virtuoso_Spectre
License path:  5280@ams91:5280@ams101:5280@ams98:1717@14.139.1.122:
FlexNet Licensing error:-10,147
For further information, refer to the FlexNet Licensing documentation,
available at "www.flexerasoftware.com".
license file(s):  5280@ams91 5280@ams101 5280@ams98 1717@14.139.1.122
Checkout succeeded: Virtuoso_Multi_mode_Simulation/1FA495E0E979B438FD31
	License file: 5280@ams91
	License Server: 5280@ams91
Checkout succeeded: Virtuoso_Multi_mode_Simulation/1FA495E0E979B438FD31
	License file: 5280@ams91
	License Server: 5280@ams91
FlexNet Licensing checkout error: Feature has expired.
Feature:       Virtuoso_Spectre
License path:  5280@ams91:5280@ams101:5280@ams98:1717@14.139.1.122:
FlexNet Licensing error:-10,147
For further information, refer to the FlexNet Licensing documentation,
available at "www.flexerasoftware.com".
license file(s):  5280@ams91 5280@ams101 5280@ams98 1717@14.139.1.122
Checkout succeeded: Virtuoso_Multi_mode_Simulation/1FA495E0E979B438FD31
	License file: 5280@ams91
	License Server: 5280@ams91
Checkout succeeded: Virtuoso_Multi_mode_Simulation/1FA495E0E979B438FD31
	License file: 5280@ams91
	License Server: 5280@ams91
FlexNet Licensing checkout error: Feature has expired.
Feature:       Virtuoso_Spectre
License path:  5280@ams91:5280@ams101:5280@ams98:1717@14.139.1.122:
FlexNet Licensing error:-10,147
For further information, refer to the FlexNet Licensing documentation,
available at "www.flexerasoftware.com".
license file(s):  5280@ams91 5280@ams101 5280@ams98 1717@14.139.1.122
Checkout succeeded: Virtuoso_Multi_mode_Simulation/1FA495E0E979B438FD31
	License file: 5280@ams91
	License Server: 5280@ams91
Checkout succeeded: Virtuoso_Multi_mode_Simulation/1FA495E0E979B438FD31
	License file: 5280@ams91
	License Server: 5280@ams91
FlexNet Licensing checkout error: Feature has expired.
Feature:       Virtuoso_Spectre
License path:  5280@ams91:5280@ams101:5280@ams98:1717@14.139.1.122:
FlexNet Licensing error:-10,147
For further information, refer to the FlexNet Licensing documentation,
available at "www.flexerasoftware.com".
license file(s):  5280@ams91 5280@ams101 5280@ams98 1717@14.139.1.122
Checkout succeeded: Virtuoso_Multi_mode_Simulation/1FA495E0E979B438FD31
	License file: 5280@ams91
	License Server: 5280@ams91
Checkout succeeded: Virtuoso_Multi_mode_Simulation/1FA495E0E979B438FD31
	License file: 5280@ams91
	License Server: 5280@ams91
FlexNet Licensing checkout error: Feature has expired.
Feature:       Virtuoso_Spectre
License path:  5280@ams91:5280@ams101:5280@ams98:1717@14.139.1.122:
FlexNet Licensing error:-10,147
For further information, refer to the FlexNet Licensing documentation,
available at "www.flexerasoftware.com".
license file(s):  5280@ams91 5280@ams101 5280@ams98 1717@14.139.1.122
Checkout succeeded: Virtuoso_Multi_mode_Simulation/1FA495E0E979B438FD31
	License file: 5280@ams91
	License Server: 5280@ams91
Checkout succeeded: Virtuoso_Multi_mode_Simulation/1FA495E0E979B438FD31
	License file: 5280@ams91
	License Server: 5280@ams91
FlexNet Licensing checkout error: Feature has expired.
Feature:       Virtuoso_Spectre
License path:  5280@ams91:5280@ams101:5280@ams98:1717@14.139.1.122:
FlexNet Licensing error:-10,147
For further information, refer to the FlexNet Licensing documentation,
available at "www.flexerasoftware.com".
license file(s):  5280@ams91 5280@ams101 5280@ams98 1717@14.139.1.122
Checkout succeeded: Virtuoso_Multi_mode_Simulation/1FA495E0E979B438FD31
	License file: 5280@ams91
	License Server: 5280@ams91
Checkout succeeded: Virtuoso_Multi_mode_Simulation/1FA495E0E979B438FD31
	License file: 5280@ams91
	License Server: 5280@ams91
FlexNet Licensing checkout error: Feature has expired.
Feature:       Virtuoso_Spectre
License path:  5280@ams91:5280@ams101:5280@ams98:1717@14.139.1.122:
FlexNet Licensing error:-10,147
For further information, refer to the FlexNet Licensing documentation,
available at "www.flexerasoftware.com".
license file(s):  5280@ams91 5280@ams101 5280@ams98 1717@14.139.1.122
Checkout succeeded: Virtuoso_Multi_mode_Simulation/1FA495E0E979B438FD31
	License file: 5280@ams91
	License Server: 5280@ams91
Checkout succeeded: Virtuoso_Multi_mode_Simulation/1FA495E0E979B438FD31
	License file: 5280@ams91
	License Server: 5280@ams91
FlexNet Licensing checkout error: Feature has expired.
Feature:       Virtuoso_Spectre
License path:  5280@ams91:5280@ams101:5280@ams98:1717@14.139.1.122:
FlexNet Licensing error:-10,147
For further information, refer to the FlexNet Licensing documentation,
available at "www.flexerasoftware.com".
license file(s):  5280@ams91 5280@ams101 5280@ams98 1717@14.139.1.122
Checkout succeeded: Virtuoso_Multi_mode_Simulation/1FA495E0E979B438FD31
	License file: 5280@ams91
	License Server: 5280@ams91
Checkout succeeded: Virtuoso_Multi_mode_Simulation/1FA495E0E979B438FD31
	License file: 5280@ams91
	License Server: 5280@ams91
FlexNet Licensing checkout error: Feature has expired.
Feature:       Virtuoso_Spectre
License path:  5280@ams91:5280@ams101:5280@ams98:1717@14.139.1.122:
FlexNet Licensing error:-10,147
For further information, refer to the FlexNet Licensing documentation,
available at "www.flexerasoftware.com".
license file(s):  5280@ams91 5280@ams101 5280@ams98 1717@14.139.1.122
Checkout succeeded: Virtuoso_Multi_mode_Simulation/1FA495E0E979B438FD31
	License file: 5280@ams91
	License Server: 5280@ams91
Checkout succeeded: Virtuoso_Multi_mode_Simulation/1FA495E0E979B438FD31
	License file: 5280@ams91
	License Server: 5280@ams91
FlexNet Licensing checkout error: Feature has expired.
Feature:       Virtuoso_Spectre
License path:  5280@ams91:5280@ams101:5280@ams98:1717@14.139.1.122:
FlexNet Licensing error:-10,147
For further information, refer to the FlexNet Licensing documentation,
available at "www.flexerasoftware.com".
license file(s):  5280@ams91 5280@ams101 5280@ams98 1717@14.139.1.122
Checkout succeeded: Virtuoso_Multi_mode_Simulation/1FA495E0E979B438FD31
	License file: 5280@ams91
	License Server: 5280@ams91
Checkout succeeded: Virtuoso_Multi_mode_Simulation/1FA495E0E979B438FD31
	License file: 5280@ams91
	License Server: 5280@ams91
FlexNet Licensing checkout error: Feature has expired.
Feature:       Virtuoso_Spectre
License path:  5280@ams91:5280@ams101:5280@ams98:1717@14.139.1.122:
FlexNet Licensing error:-10,147
For further information, refer to the FlexNet Licensing documentation,
available at "www.flexerasoftware.com".
license file(s):  5280@ams91 5280@ams101 5280@ams98 1717@14.139.1.122
Checkout succeeded: Virtuoso_Multi_mode_Simulation/1FA495E0E979B438FD31
	License file: 5280@ams91
	License Server: 5280@ams91
Checkout succeeded: Virtuoso_Multi_mode_Simulation/1FA495E0E979B438FD31
	License file: 5280@ams91
	License Server: 5280@ams91
FlexNet Licensing checkout error: Feature has expired.
Feature:       Virtuoso_Spectre
License path:  5280@ams91:5280@ams101:5280@ams98:1717@14.139.1.122:
FlexNet Licensing error:-10,147
For further information, refer to the FlexNet Licensing documentation,
available at "www.flexerasoftware.com".
license file(s):  5280@ams91 5280@ams101 5280@ams98 1717@14.139.1.122
Checkout succeeded: Virtuoso_Multi_mode_Simulation/1FA495E0E979B438FD31
	License file: 5280@ams91
	License Server: 5280@ams91
Checkout succeeded: Virtuoso_Multi_mode_Simulation/1FA495E0E979B438FD31
	License file: 5280@ams91
	License Server: 5280@ams91
FlexNet Licensing checkout error: Feature has expired.
Feature:       Virtuoso_Spectre
License path:  5280@ams91:5280@ams101:5280@ams98:1717@14.139.1.122:
FlexNet Licensing error:-10,147
For further information, refer to the FlexNet Licensing documentation,
available at "www.flexerasoftware.com".
license file(s):  5280@ams91 5280@ams101 5280@ams98 1717@14.139.1.122
Checkout succeeded: Virtuoso_Multi_mode_Simulation/1FA495E0E979B438FD31
	License file: 5280@ams91
	License Server: 5280@ams91
Checkout succeeded: Virtuoso_Multi_mode_Simulation/1FA495E0E979B438FD31
	License file: 5280@ams91
	License Server: 5280@ams91
FlexNet Licensing checkout error: Feature has expired.
Feature:       Virtuoso_Spectre
License path:  5280@ams91:5280@ams101:5280@ams98:1717@14.139.1.122:
FlexNet Licensing error:-10,147
For further information, refer to the FlexNet Licensing documentation,
available at "www.flexerasoftware.com".
license file(s):  5280@ams91 5280@ams101 5280@ams98 1717@14.139.1.122
Checkout succeeded: Virtuoso_Multi_mode_Simulation/1FA495E0E979B438FD31
	License file: 5280@ams91
	License Server: 5280@ams91
Checkout succeeded: Virtuoso_Multi_mode_Simulation/1FA495E0E979B438FD31
	License file: 5280@ams91
	License Server: 5280@ams91
